# JRE version: OpenJDK Runtime Environment Corretto-19.0.1.10.1 (19.0.1+10) (build 19.0.1+10-FR)
# Java VM: OpenJDK 64-Bit Server VM Corretto-19.0.1.10.1 (19.0.1+10-FR, mixed mode, sharing, tiered, compressed oops, compressed class ptrs, g1 gc, linux-amd64)
GC Precious Log:
 CardTable entry size: 512
 Card Set container configuration: InlinePtr #cards 5 size 8 Array Of Cards #cards 12 size 40 Howl #buckets 4 coarsen threshold 1843 Howl Bitmap #cards 512 size 80 coarsen threshold 460 Card regions per heap region 1 cards per card region 2048
 CPUs: 8 total, 8 available
 Memory: 3922M
 Large Page Support: Disabled
 NUMA Support: Disabled
 Compressed Oops: Enabled (32-bit)
 Heap Region Size: 1M
 Heap Min Capacity: 8M
 Heap Initial Capacity: 62M
 Heap Max Capacity: 982M
 Pre-touch: Disabled
 Parallel Workers: 8
 Concurrent Workers: 2
 Concurrent Refinement Workers: 8
 Periodic GC: Disabled
Heap:
 garbage-first heap   total 71680K, used 18284K [0x00000000c2a00000, 0x0000000100000000)
  region size 1024K, 3 young (3072K), 2 survivors (2048K)
 Metaspace       used 35821K, committed 36160K, reserved 1114112K
  class space    used 4666K, committed 4800K, reserved 1048576K
GC Heap History (14 events):
Event: 0.769 GC heap before
{Heap before GC invocations=0 (full 0):
 garbage-first heap   total 65536K, used 24544K [0x00000000c2a00000, 0x0000000100000000)
  region size 1024K, 23 young (23552K), 0 survivors (0K)
 Metaspace       used 5229K, committed 5376K, reserved 1114112K
  class space    used 463K, committed 512K, reserved 1048576K
}
Event: 0.778 GC heap after
{Heap after GC invocations=1 (full 0):
 garbage-first heap   total 65536K, used 7648K [0x00000000c2a00000, 0x0000000100000000)
  region size 1024K, 3 young (3072K), 3 survivors (3072K)
 Metaspace       used 5229K, committed 5376K, reserved 1114112K
  class space    used 463K, committed 512K, reserved 1048576K
}
Event: 1.502 GC heap before
{Heap before GC invocations=1 (full 0):
 garbage-first heap   total 65536K, used 31200K [0x00000000c2a00000, 0x0000000100000000)
  region size 1024K, 25 young (25600K), 3 survivors (3072K)
 Metaspace       used 11711K, committed 11904K, reserved 1114112K
  class space    used 1160K, committed 1280K, reserved 1048576K
}
Event: 1.511 GC heap after
{Heap after GC invocations=2 (full 0):
 garbage-first heap   total 65536K, used 13538K [0x00000000c2a00000, 0x0000000100000000)
  region size 1024K, 4 young (4096K), 4 survivors (4096K)
 Metaspace       used 11711K, committed 11904K, reserved 1114112K
  class space    used 1160K, committed 1280K, reserved 1048576K
}
Event: 2.743 GC heap before
{Heap before GC invocations=2 (full 0):
 garbage-first heap   total 65536K, used 36066K [0x00000000c2a00000, 0x0000000100000000)
  region size 1024K, 24 young (24576K), 4 survivors (4096K)
 Metaspace       used 17313K, committed 17472K, reserved 1114112K
  class space    used 1746K, committed 1856K, reserved 1048576K
}
Event: 2.748 GC heap after
{Heap after GC invocations=3 (full 0):
 garbage-first heap   total 65536K, used 14468K [0x00000000c2a00000, 0x0000000100000000)
  region size 1024K, 2 young (2048K), 2 survivors (2048K)
 Metaspace       used 17313K, committed 17472K, reserved 1114112K
  class space    used 1746K, committed 1856K, reserved 1048576K
}
Event: 2.994 GC heap before
{Heap before GC invocations=3 (full 0):
 garbage-first heap   total 65536K, used 24708K [0x00000000c2a00000, 0x0000000100000000)
  region size 1024K, 14 young (14336K), 2 survivors (2048K)
 Metaspace       used 21354K, committed 21504K, reserved 1114112K
  class space    used 2400K, committed 2496K, reserved 1048576K
}
Event: 2.999 GC heap after
{Heap after GC invocations=4 (full 0):
 garbage-first heap   total 65536K, used 15547K [0x00000000c2a00000, 0x0000000100000000)
  region size 1024K, 3 young (3072K), 3 survivors (3072K)
 Metaspace       used 21354K, committed 21504K, reserved 1114112K
  class space    used 2400K, committed 2496K, reserved 1048576K
}
Event: 4.000 GC heap before
{Heap before GC invocations=5 (full 0):
 garbage-first heap   total 55296K, used 42171K [0x00000000c2a00000, 0x0000000100000000)
  region size 1024K, 31 young (31744K), 3 survivors (3072K)
 Metaspace       used 29708K, committed 30016K, reserved 1114112K
  class space    used 4074K, committed 4224K, reserved 1048576K
}
Event: 4.009 GC heap after
{Heap after GC invocations=6 (full 0):
 garbage-first heap   total 55296K, used 17281K [0x00000000c2a00000, 0x0000000100000000)
  region size 1024K, 4 young (4096K), 4 survivors (4096K)
 Metaspace       used 29708K, committed 30016K, reserved 1114112K
  class space    used 4074K, committed 4224K, reserved 1048576K
}
Event: 4.036 GC heap before
{Heap before GC invocations=6 (full 0):
 garbage-first heap   total 55296K, used 18305K [0x00000000c2a00000, 0x0000000100000000)
  region size 1024K, 5 young (5120K), 4 survivors (4096K)
 Metaspace       used 30078K, committed 30400K, reserved 1114112K
  class space    used 4112K, committed 4288K, reserved 1048576K
}
Event: 4.043 GC heap after
{Heap after GC invocations=7 (full 0):
 garbage-first heap   total 55296K, used 17876K [0x00000000c2a00000, 0x0000000100000000)
  region size 1024K, 1 young (1024K), 1 survivors (1024K)
 Metaspace       used 30078K, committed 30400K, reserved 1114112K
  class space    used 4112K, committed 4288K, reserved 1048576K
}
Event: 23.775 GC heap before
{Heap before GC invocations=7 (full 0):
 garbage-first heap   total 55296K, used 35284K [0x00000000c2a00000, 0x0000000100000000)
  region size 1024K, 20 young (20480K), 1 survivors (1024K)
 Metaspace       used 35795K, committed 36096K, reserved 1114112K
  class space    used 4659K, committed 4800K, reserved 1048576K
}
Event: 23.779 GC heap after
{Heap after GC invocations=8 (full 0):
 garbage-first heap   total 93184K, used 18284K [0x00000000c2a00000, 0x0000000100000000)
  region size 1024K, 2 young (2048K), 2 survivors (2048K)
 Metaspace       used 35795K, committed 36096K, reserved 1114112K
  class space    used 4659K, committed 4800K, reserved 1048576K
}

