# JRE version: OpenJDK Runtime Environment Corretto-19.0.1.10.1 (19.0.1+10) (build 19.0.1+10-FR)
# Java VM: OpenJDK 64-Bit Server VM Corretto-19.0.1.10.1 (19.0.1+10-FR, mixed mode, sharing, tiered, compressed oops, compressed class ptrs, g1 gc, linux-amd64)
GC Precious Log:
 CardTable entry size: 512
 Card Set container configuration: InlinePtr #cards 5 size 8 Array Of Cards #cards 12 size 40 Howl #buckets 4 coarsen threshold 1843 Howl Bitmap #cards 512 size 80 coarsen threshold 460 Card regions per heap region 1 cards per card region 2048
 CPUs: 8 total, 8 available
 Memory: 3922M
 Large Page Support: Disabled
 NUMA Support: Disabled
 Compressed Oops: Enabled (32-bit)
 Heap Region Size: 1M
 Heap Min Capacity: 8M
 Heap Initial Capacity: 62M
 Heap Max Capacity: 982M
 Pre-touch: Disabled
 Parallel Workers: 8
 Concurrent Workers: 2
 Concurrent Refinement Workers: 8
 Periodic GC: Disabled
Heap:
 garbage-first heap   total 55296K, used 30301K [0x00000000c2a00000, 0x0000000100000000)
  region size 1024K, 15 young (15360K), 1 survivors (1024K)
 Metaspace       used 35287K, committed 35584K, reserved 1114112K
  class space    used 4666K, committed 4800K, reserved 1048576K
GC Heap History (12 events):
Event: 1.175 GC heap before
{Heap before GC invocations=0 (full 0):
 garbage-first heap   total 65536K, used 24544K [0x00000000c2a00000, 0x0000000100000000)
  region size 1024K, 23 young (23552K), 0 survivors (0K)
 Metaspace       used 5141K, committed 5248K, reserved 1114112K
  class space    used 454K, committed 512K, reserved 1048576K
}
Event: 1.183 GC heap after
{Heap after GC invocations=1 (full 0):
 garbage-first heap   total 65536K, used 7536K [0x00000000c2a00000, 0x0000000100000000)
  region size 1024K, 3 young (3072K), 3 survivors (3072K)
 Metaspace       used 5141K, committed 5248K, reserved 1114112K
  class space    used 454K, committed 512K, reserved 1048576K
}
Event: 2.438 GC heap before
{Heap before GC invocations=1 (full 0):
 garbage-first heap   total 65536K, used 31088K [0x00000000c2a00000, 0x0000000100000000)
  region size 1024K, 25 young (25600K), 3 survivors (3072K)
 Metaspace       used 11698K, committed 11904K, reserved 1114112K
  class space    used 1160K, committed 1280K, reserved 1048576K
}
Event: 2.444 GC heap after
{Heap after GC invocations=2 (full 0):
 garbage-first heap   total 65536K, used 14562K [0x00000000c2a00000, 0x0000000100000000)
  region size 1024K, 4 young (4096K), 4 survivors (4096K)
 Metaspace       used 11698K, committed 11904K, reserved 1114112K
  class space    used 1160K, committed 1280K, reserved 1048576K
}
Event: 4.512 GC heap before
{Heap before GC invocations=2 (full 0):
 garbage-first heap   total 65536K, used 36066K [0x00000000c2a00000, 0x0000000100000000)
  region size 1024K, 24 young (24576K), 4 survivors (4096K)
 Metaspace       used 17065K, committed 17216K, reserved 1114112K
  class space    used 1716K, committed 1792K, reserved 1048576K
}
Event: 4.522 GC heap after
{Heap after GC invocations=3 (full 0):
 garbage-first heap   total 65536K, used 15477K [0x00000000c2a00000, 0x0000000100000000)
  region size 1024K, 2 young (2048K), 2 survivors (2048K)
 Metaspace       used 17065K, committed 17216K, reserved 1114112K
  class space    used 1716K, committed 1792K, reserved 1048576K
}
Event: 4.885 GC heap before
{Heap before GC invocations=3 (full 0):
 garbage-first heap   total 65536K, used 26741K [0x00000000c2a00000, 0x0000000100000000)
  region size 1024K, 15 young (15360K), 2 survivors (2048K)
 Metaspace       used 21381K, committed 21504K, reserved 1114112K
  class space    used 2409K, committed 2496K, reserved 1048576K
}
Event: 4.890 GC heap after
{Heap after GC invocations=4 (full 0):
 garbage-first heap   total 65536K, used 16558K [0x00000000c2a00000, 0x0000000100000000)
  region size 1024K, 3 young (3072K), 3 survivors (3072K)
 Metaspace       used 21381K, committed 21504K, reserved 1114112K
  class space    used 2409K, committed 2496K, reserved 1048576K
}
Event: 5.773 GC heap before
{Heap before GC invocations=5 (full 0):
 garbage-first heap   total 55296K, used 41134K [0x00000000c2a00000, 0x0000000100000000)
  region size 1024K, 30 young (30720K), 3 survivors (3072K)
 Metaspace       used 29709K, committed 29952K, reserved 1114112K
  class space    used 4076K, committed 4224K, reserved 1048576K
}
Event: 5.783 GC heap after
{Heap after GC invocations=6 (full 0):
 garbage-first heap   total 55296K, used 17584K [0x00000000c2a00000, 0x0000000100000000)
  region size 1024K, 4 young (4096K), 4 survivors (4096K)
 Metaspace       used 29709K, committed 29952K, reserved 1114112K
  class space    used 4076K, committed 4224K, reserved 1048576K
}
Event: 5.788 GC heap before
{Heap before GC invocations=6 (full 0):
 garbage-first heap   total 55296K, used 18608K [0x00000000c2a00000, 0x0000000100000000)
  region size 1024K, 5 young (5120K), 4 survivors (4096K)
 Metaspace       used 29719K, committed 29952K, reserved 1114112K
  class space    used 4076K, committed 4224K, reserved 1048576K
}
Event: 5.795 GC heap after
{Heap after GC invocations=7 (full 0):
 garbage-first heap   total 55296K, used 18013K [0x00000000c2a00000, 0x0000000100000000)
  region size 1024K, 1 young (1024K), 1 survivors (1024K)
 Metaspace       used 29719K, committed 29952K, reserved 1114112K
  class space    used 4076K, committed 4224K, reserved 1048576K
}

