# JRE version: OpenJDK Runtime Environment Corretto-19.0.1.10.1 (19.0.1+10) (build 19.0.1+10-FR)
# Java VM: OpenJDK 64-Bit Server VM Corretto-19.0.1.10.1 (19.0.1+10-FR, mixed mode, sharing, tiered, compressed oops, compressed class ptrs, g1 gc, linux-amd64)
GC Precious Log:
 CardTable entry size: 512
 Card Set container configuration: InlinePtr #cards 5 size 8 Array Of Cards #cards 12 size 40 Howl #buckets 4 coarsen threshold 1843 Howl Bitmap #cards 512 size 80 coarsen threshold 460 Card regions per heap region 1 cards per card region 2048
 CPUs: 8 total, 8 available
 Memory: 3922M
 Large Page Support: Disabled
 NUMA Support: Disabled
 Compressed Oops: Enabled (32-bit)
 Heap Region Size: 1M
 Heap Min Capacity: 8M
 Heap Initial Capacity: 62M
 Heap Max Capacity: 982M
 Pre-touch: Disabled
 Parallel Workers: 8
 Concurrent Workers: 2
 Concurrent Refinement Workers: 8
 Periodic GC: Disabled
Heap:
 garbage-first heap   total 58368K, used 31128K [0x00000000c2a00000, 0x0000000100000000)
  region size 1024K, 15 young (15360K), 1 survivors (1024K)
 Metaspace       used 35309K, committed 35648K, reserved 1114112K
  class space    used 4668K, committed 4800K, reserved 1048576K
GC Heap History (12 events):
Event: 1.043 GC heap before
{Heap before GC invocations=0 (full 0):
 garbage-first heap   total 65536K, used 24544K [0x00000000c2a00000, 0x0000000100000000)
  region size 1024K, 23 young (23552K), 0 survivors (0K)
 Metaspace       used 5234K, committed 5376K, reserved 1114112K
  class space    used 463K, committed 512K, reserved 1048576K
}
Event: 1.051 GC heap after
{Heap after GC invocations=1 (full 0):
 garbage-first heap   total 65536K, used 7648K [0x00000000c2a00000, 0x0000000100000000)
  region size 1024K, 3 young (3072K), 3 survivors (3072K)
 Metaspace       used 5234K, committed 5376K, reserved 1114112K
  class space    used 463K, committed 512K, reserved 1048576K
}
Event: 2.126 GC heap before
{Heap before GC invocations=1 (full 0):
 garbage-first heap   total 65536K, used 31200K [0x00000000c2a00000, 0x0000000100000000)
  region size 1024K, 25 young (25600K), 3 survivors (3072K)
 Metaspace       used 11694K, committed 11904K, reserved 1114112K
  class space    used 1161K, committed 1280K, reserved 1048576K
}
Event: 2.135 GC heap after
{Heap after GC invocations=2 (full 0):
 garbage-first heap   total 65536K, used 13796K [0x00000000c2a00000, 0x0000000100000000)
  region size 1024K, 4 young (4096K), 4 survivors (4096K)
 Metaspace       used 11694K, committed 11904K, reserved 1114112K
  class space    used 1161K, committed 1280K, reserved 1048576K
}
Event: 4.306 GC heap before
{Heap before GC invocations=2 (full 0):
 garbage-first heap   total 65536K, used 36324K [0x00000000c2a00000, 0x0000000100000000)
  region size 1024K, 24 young (24576K), 4 survivors (4096K)
 Metaspace       used 17344K, committed 17536K, reserved 1114112K
  class space    used 1753K, committed 1856K, reserved 1048576K
}
Event: 4.314 GC heap after
{Heap after GC invocations=3 (full 0):
 garbage-first heap   total 65536K, used 14935K [0x00000000c2a00000, 0x0000000100000000)
  region size 1024K, 2 young (2048K), 2 survivors (2048K)
 Metaspace       used 17344K, committed 17536K, reserved 1114112K
  class space    used 1753K, committed 1856K, reserved 1048576K
}
Event: 4.773 GC heap before
{Heap before GC invocations=3 (full 0):
 garbage-first heap   total 65536K, used 25175K [0x00000000c2a00000, 0x0000000100000000)
  region size 1024K, 14 young (14336K), 2 survivors (2048K)
 Metaspace       used 21301K, committed 21504K, reserved 1114112K
  class space    used 2386K, committed 2496K, reserved 1048576K
}
Event: 4.778 GC heap after
{Heap after GC invocations=4 (full 0):
 garbage-first heap   total 65536K, used 15814K [0x00000000c2a00000, 0x0000000100000000)
  region size 1024K, 3 young (3072K), 3 survivors (3072K)
 Metaspace       used 21301K, committed 21504K, reserved 1114112K
  class space    used 2386K, committed 2496K, reserved 1048576K
}
Event: 5.861 GC heap before
{Heap before GC invocations=5 (full 0):
 garbage-first heap   total 58368K, used 41414K [0x00000000c2a00000, 0x0000000100000000)
  region size 1024K, 30 young (30720K), 3 survivors (3072K)
 Metaspace       used 29696K, committed 29952K, reserved 1114112K
  class space    used 4076K, committed 4224K, reserved 1048576K
}
Event: 5.871 GC heap after
{Heap after GC invocations=6 (full 0):
 garbage-first heap   total 58368K, used 17950K [0x00000000c2a00000, 0x0000000100000000)
  region size 1024K, 4 young (4096K), 4 survivors (4096K)
 Metaspace       used 29696K, committed 29952K, reserved 1114112K
  class space    used 4076K, committed 4224K, reserved 1048576K
}
Event: 5.880 GC heap before
{Heap before GC invocations=6 (full 0):
 garbage-first heap   total 58368K, used 18974K [0x00000000c2a00000, 0x0000000100000000)
  region size 1024K, 5 young (5120K), 4 survivors (4096K)
 Metaspace       used 29711K, committed 29952K, reserved 1114112K
  class space    used 4076K, committed 4224K, reserved 1048576K
}
Event: 5.887 GC heap after
{Heap after GC invocations=7 (full 0):
 garbage-first heap   total 58368K, used 18840K [0x00000000c2a00000, 0x0000000100000000)
  region size 1024K, 1 young (1024K), 1 survivors (1024K)
 Metaspace       used 29711K, committed 29952K, reserved 1114112K
  class space    used 4076K, committed 4224K, reserved 1048576K
}

