# JRE version: OpenJDK Runtime Environment Corretto-19.0.1.10.1 (19.0.1+10) (build 19.0.1+10-FR)
# Java VM: OpenJDK 64-Bit Server VM Corretto-19.0.1.10.1 (19.0.1+10-FR, mixed mode, sharing, tiered, compressed oops, compressed class ptrs, g1 gc, linux-amd64)
GC Precious Log:
 CardTable entry size: 512
 Card Set container configuration: InlinePtr #cards 5 size 8 Array Of Cards #cards 12 size 40 Howl #buckets 4 coarsen threshold 1843 Howl Bitmap #cards 512 size 80 coarsen threshold 460 Card regions per heap region 1 cards per card region 2048
 CPUs: 8 total, 8 available
 Memory: 3922M
 Large Page Support: Disabled
 NUMA Support: Disabled
 Compressed Oops: Enabled (32-bit)
 Heap Region Size: 1M
 Heap Min Capacity: 8M
 Heap Initial Capacity: 62M
 Heap Max Capacity: 982M
 Pre-touch: Disabled
 Parallel Workers: 8
 Concurrent Workers: 2
 Concurrent Refinement Workers: 8
 Periodic GC: Disabled
Heap:
 garbage-first heap   total 55296K, used 30010K [0x00000000c2a00000, 0x0000000100000000)
  region size 1024K, 15 young (15360K), 1 survivors (1024K)
 Metaspace       used 35308K, committed 35648K, reserved 1114112K
  class space    used 4666K, committed 4800K, reserved 1048576K
GC Heap History (12 events):
Event: 0.999 GC heap before
{Heap before GC invocations=0 (full 0):
 garbage-first heap   total 65536K, used 24544K [0x00000000c2a00000, 0x0000000100000000)
  region size 1024K, 23 young (23552K), 0 survivors (0K)
 Metaspace       used 5230K, committed 5376K, reserved 1114112K
  class space    used 463K, committed 512K, reserved 1048576K
}
Event: 1.009 GC heap after
{Heap after GC invocations=1 (full 0):
 garbage-first heap   total 65536K, used 7744K [0x00000000c2a00000, 0x0000000100000000)
  region size 1024K, 3 young (3072K), 3 survivors (3072K)
 Metaspace       used 5230K, committed 5376K, reserved 1114112K
  class space    used 463K, committed 512K, reserved 1048576K
}
Event: 1.918 GC heap before
{Heap before GC invocations=1 (full 0):
 garbage-first heap   total 65536K, used 31296K [0x00000000c2a00000, 0x0000000100000000)
  region size 1024K, 25 young (25600K), 3 survivors (3072K)
 Metaspace       used 11677K, committed 11904K, reserved 1114112K
  class space    used 1160K, committed 1280K, reserved 1048576K
}
Event: 1.930 GC heap after
{Heap after GC invocations=2 (full 0):
 garbage-first heap   total 65536K, used 13796K [0x00000000c2a00000, 0x0000000100000000)
  region size 1024K, 4 young (4096K), 4 survivors (4096K)
 Metaspace       used 11677K, committed 11904K, reserved 1114112K
  class space    used 1160K, committed 1280K, reserved 1048576K
}
Event: 3.390 GC heap before
{Heap before GC invocations=2 (full 0):
 garbage-first heap   total 65536K, used 35300K [0x00000000c2a00000, 0x0000000100000000)
  region size 1024K, 24 young (24576K), 4 survivors (4096K)
 Metaspace       used 17404K, committed 17600K, reserved 1114112K
  class space    used 1764K, committed 1856K, reserved 1048576K
}
Event: 3.395 GC heap after
{Heap after GC invocations=3 (full 0):
 garbage-first heap   total 65536K, used 14530K [0x00000000c2a00000, 0x0000000100000000)
  region size 1024K, 2 young (2048K), 2 survivors (2048K)
 Metaspace       used 17404K, committed 17600K, reserved 1114112K
  class space    used 1764K, committed 1856K, reserved 1048576K
}
Event: 3.698 GC heap before
{Heap before GC invocations=3 (full 0):
 garbage-first heap   total 65536K, used 24770K [0x00000000c2a00000, 0x0000000100000000)
  region size 1024K, 13 young (13312K), 2 survivors (2048K)
 Metaspace       used 21340K, committed 21504K, reserved 1114112K
  class space    used 2399K, committed 2496K, reserved 1048576K
}
Event: 3.704 GC heap after
{Heap after GC invocations=4 (full 0):
 garbage-first heap   total 65536K, used 15616K [0x00000000c2a00000, 0x0000000100000000)
  region size 1024K, 3 young (3072K), 3 survivors (3072K)
 Metaspace       used 21340K, committed 21504K, reserved 1114112K
  class space    used 2399K, committed 2496K, reserved 1048576K
}
Event: 4.448 GC heap before
{Heap before GC invocations=5 (full 0):
 garbage-first heap   total 55296K, used 41216K [0x00000000c2a00000, 0x0000000100000000)
  region size 1024K, 30 young (30720K), 3 survivors (3072K)
 Metaspace       used 29708K, committed 29952K, reserved 1114112K
  class space    used 4075K, committed 4224K, reserved 1048576K
}
Event: 4.458 GC heap after
{Heap after GC invocations=6 (full 0):
 garbage-first heap   total 55296K, used 17434K [0x00000000c2a00000, 0x0000000100000000)
  region size 1024K, 4 young (4096K), 4 survivors (4096K)
 Metaspace       used 29708K, committed 29952K, reserved 1114112K
  class space    used 4075K, committed 4224K, reserved 1048576K
}
Event: 4.463 GC heap before
{Heap before GC invocations=6 (full 0):
 garbage-first heap   total 55296K, used 18458K [0x00000000c2a00000, 0x0000000100000000)
  region size 1024K, 5 young (5120K), 4 survivors (4096K)
 Metaspace       used 29713K, committed 30016K, reserved 1114112K
  class space    used 4075K, committed 4224K, reserved 1048576K
}
Event: 4.470 GC heap after
{Heap after GC invocations=7 (full 0):
 garbage-first heap   total 55296K, used 17722K [0x00000000c2a00000, 0x0000000100000000)
  region size 1024K, 1 young (1024K), 1 survivors (1024K)
 Metaspace       used 29713K, committed 30016K, reserved 1114112K
  class space    used 4075K, committed 4224K, reserved 1048576K
}

